Analysis & Synthesis report for DLX
Wed Mar 30 18:25:51 2022
Quartus Prime Version 20.1.1 Build 720 11/11/2020 SJ Lite Edition


---------------------
; Table of Contents ;
---------------------
  1. Legal Notice
  2. Analysis & Synthesis Summary
  3. Analysis & Synthesis Settings
  4. Parallel Compilation
  5. Analysis & Synthesis IP Cores Summary
  6. Source assignments for UART:duart|UART_FIFO:fifo_uart|scfifo:scfifo_component|scfifo_4921:auto_generated|a_dpfifo_bf21:dpfifo|altsyncram_k2m1:FIFOram
  7. Source assignments for UART:duart|TX_FIFO:fifo_tx|scfifo:scfifo_component|scfifo_rr11:auto_generated|a_dpfifo_2221:dpfifo|altsyncram_85m1:FIFOram
  8. Source assignments for UART:duart|RX_FIFO:fifo_rx|scfifo:scfifo_component|scfifo_5k11:auto_generated|a_dpfifo_cq11:dpfifo|altsyncram_f1b1:FIFOram
  9. Source assignments for Fetch:fet|altsyncram_c7t3:auto_generated
 10. Source assignments for Execute:exc|altsyncram:altsyncram_component|altsyncram_p8t3:auto_generated
 11. Source assignments for Memory:mem|altsyncram_p8t3:auto_generated
 12. Parameter Settings for User Entity Instance: UART:duart|UART_FIFO:fifo_uart|scfifo:scfifo_component
 13. Parameter Settings for User Entity Instance: UART:duart|TX_FIFO:fifo_tx|scfifo:scfifo_component
 14. Parameter Settings for User Entity Instance: UART:duart|U_DIV:div|lpm_divide:LPM_DIVIDE_component
 15. Parameter Settings for User Entity Instance: UART:duart|UnsignedDiv:udiv|lpm_divide:LPM_DIVIDE_component
 16. Parameter Settings for User Entity Instance: UART:duart|MULT:umult|lpm_mult:lpm_mult_component
 17. Parameter Settings for User Entity Instance: UART:duart|RX_FIFO:fifo_rx|scfifo:scfifo_component
 18. Parameter Settings for User Entity Instance: Execute:exc|altsyncram:altsyncram_component
 19. Port Connectivity Checks: "Execute:exc"
 20. Port Connectivity Checks: "UART:duart|MULT:umult"
 21. Port Connectivity Checks: "UART:duart|UnsignedDiv:udiv"
 22. Port Connectivity Checks: "UART:duart|U_DIV:div"
 23. Port Connectivity Checks: "UART:duart|my_UART:dut"
 24. Port Connectivity Checks: "UART:duart"
 25. Analysis & Synthesis Messages



----------------
; Legal Notice ;
----------------
Copyright (C) 2020  Intel Corporation. All rights reserved.
Your use of Intel Corporation's design tools, logic functions 
and other software and tools, and any partner logic 
functions, and any output files from any of the foregoing 
(including device programming or simulation files), and any 
associated documentation or information are expressly subject 
to the terms and conditions of the Intel Program License 
Subscription Agreement, the Intel Quartus Prime License Agreement,
the Intel FPGA IP License Agreement, or other applicable license
agreement, including, without limitation, that your use is for
the sole purpose of programming logic devices manufactured by
Intel and sold by Intel or its authorized distributors.  Please
refer to the applicable agreement for further details, at
https://fpgasoftware.intel.com/eula.



+----------------------------------------------------------------------------------+
; Analysis & Synthesis Summary                                                     ;
+------------------------------------+---------------------------------------------+
; Analysis & Synthesis Status        ; Failed - Wed Mar 30 18:25:51 2022           ;
; Quartus Prime Version              ; 20.1.1 Build 720 11/11/2020 SJ Lite Edition ;
; Revision Name                      ; DLX                                         ;
; Top-level Entity Name              ; DLX                                         ;
; Family                             ; MAX 10                                      ;
; Total logic elements               ; N/A until Partition Merge                   ;
;     Total combinational functions  ; N/A until Partition Merge                   ;
;     Dedicated logic registers      ; N/A until Partition Merge                   ;
; Total registers                    ; N/A until Partition Merge                   ;
; Total pins                         ; N/A until Partition Merge                   ;
; Total virtual pins                 ; N/A until Partition Merge                   ;
; Total memory bits                  ; N/A until Partition Merge                   ;
; Embedded Multiplier 9-bit elements ; N/A until Partition Merge                   ;
; Total PLLs                         ; N/A until Partition Merge                   ;
; UFM blocks                         ; N/A until Partition Merge                   ;
; ADC blocks                         ; N/A until Partition Merge                   ;
+------------------------------------+---------------------------------------------+


+------------------------------------------------------------------------------------------------------------+
; Analysis & Synthesis Settings                                                                              ;
+------------------------------------------------------------------+--------------------+--------------------+
; Option                                                           ; Setting            ; Default Value      ;
+------------------------------------------------------------------+--------------------+--------------------+
; Device                                                           ; 10M50DAF484C7G     ;                    ;
; Top-level entity name                                            ; DLX                ; DLX                ;
; Family name                                                      ; MAX 10             ; Cyclone V          ;
; Use smart compilation                                            ; Off                ; Off                ;
; Enable parallel Assembler and Timing Analyzer during compilation ; On                 ; On                 ;
; Enable compact report table                                      ; Off                ; Off                ;
; Restructure Multiplexers                                         ; Auto               ; Auto               ;
; Create Debugging Nodes for IP Cores                              ; Off                ; Off                ;
; Preserve fewer node names                                        ; On                 ; On                 ;
; Intel FPGA IP Evaluation Mode                                    ; Enable             ; Enable             ;
; Verilog Version                                                  ; Verilog_2001       ; Verilog_2001       ;
; VHDL Version                                                     ; VHDL_1993          ; VHDL_1993          ;
; State Machine Processing                                         ; Auto               ; Auto               ;
; Safe State Machine                                               ; Off                ; Off                ;
; Extract Verilog State Machines                                   ; On                 ; On                 ;
; Extract VHDL State Machines                                      ; On                 ; On                 ;
; Ignore Verilog initial constructs                                ; Off                ; Off                ;
; Iteration limit for constant Verilog loops                       ; 5000               ; 5000               ;
; Iteration limit for non-constant Verilog loops                   ; 250                ; 250                ;
; Add Pass-Through Logic to Inferred RAMs                          ; On                 ; On                 ;
; Infer RAMs from Raw Logic                                        ; On                 ; On                 ;
; Parallel Synthesis                                               ; On                 ; On                 ;
; DSP Block Balancing                                              ; Auto               ; Auto               ;
; NOT Gate Push-Back                                               ; On                 ; On                 ;
; Power-Up Don't Care                                              ; On                 ; On                 ;
; Remove Redundant Logic Cells                                     ; Off                ; Off                ;
; Remove Duplicate Registers                                       ; On                 ; On                 ;
; Ignore CARRY Buffers                                             ; Off                ; Off                ;
; Ignore CASCADE Buffers                                           ; Off                ; Off                ;
; Ignore GLOBAL Buffers                                            ; Off                ; Off                ;
; Ignore ROW GLOBAL Buffers                                        ; Off                ; Off                ;
; Ignore LCELL Buffers                                             ; Off                ; Off                ;
; Ignore SOFT Buffers                                              ; On                 ; On                 ;
; Limit AHDL Integers to 32 Bits                                   ; Off                ; Off                ;
; Optimization Technique                                           ; Balanced           ; Balanced           ;
; Carry Chain Length                                               ; 70                 ; 70                 ;
; Auto Carry Chains                                                ; On                 ; On                 ;
; Auto Open-Drain Pins                                             ; On                 ; On                 ;
; Perform WYSIWYG Primitive Resynthesis                            ; Off                ; Off                ;
; Auto ROM Replacement                                             ; On                 ; On                 ;
; Auto RAM Replacement                                             ; On                 ; On                 ;
; Auto DSP Block Replacement                                       ; On                 ; On                 ;
; Auto Shift Register Replacement                                  ; Auto               ; Auto               ;
; Allow Shift Register Merging across Hierarchies                  ; Auto               ; Auto               ;
; Auto Clock Enable Replacement                                    ; On                 ; On                 ;
; Strict RAM Replacement                                           ; Off                ; Off                ;
; Allow Synchronous Control Signals                                ; On                 ; On                 ;
; Force Use of Synchronous Clear Signals                           ; Off                ; Off                ;
; Auto RAM Block Balancing                                         ; On                 ; On                 ;
; Auto RAM to Logic Cell Conversion                                ; Off                ; Off                ;
; Auto Resource Sharing                                            ; Off                ; Off                ;
; Allow Any RAM Size For Recognition                               ; Off                ; Off                ;
; Allow Any ROM Size For Recognition                               ; Off                ; Off                ;
; Allow Any Shift Register Size For Recognition                    ; Off                ; Off                ;
; Use LogicLock Constraints during Resource Balancing              ; On                 ; On                 ;
; Ignore translate_off and synthesis_off directives                ; Off                ; Off                ;
; Timing-Driven Synthesis                                          ; On                 ; On                 ;
; Report Parameter Settings                                        ; On                 ; On                 ;
; Report Source Assignments                                        ; On                 ; On                 ;
; Report Connectivity Checks                                       ; On                 ; On                 ;
; Ignore Maximum Fan-Out Assignments                               ; Off                ; Off                ;
; Synchronization Register Chain Length                            ; 2                  ; 2                  ;
; Power Optimization During Synthesis                              ; Normal compilation ; Normal compilation ;
; HDL message level                                                ; Level2             ; Level2             ;
; Suppress Register Optimization Related Messages                  ; Off                ; Off                ;
; Number of Removed Registers Reported in Synthesis Report         ; 5000               ; 5000               ;
; Number of Swept Nodes Reported in Synthesis Report               ; 5000               ; 5000               ;
; Number of Inverted Registers Reported in Synthesis Report        ; 100                ; 100                ;
; Clock MUX Protection                                             ; On                 ; On                 ;
; Auto Gated Clock Conversion                                      ; Off                ; Off                ;
; Block Design Naming                                              ; Auto               ; Auto               ;
; SDC constraint protection                                        ; Off                ; Off                ;
; Synthesis Effort                                                 ; Auto               ; Auto               ;
; Shift Register Replacement - Allow Asynchronous Clear Signal     ; On                 ; On                 ;
; Pre-Mapping Resynthesis Optimization                             ; Off                ; Off                ;
; Analysis & Synthesis Message Level                               ; Medium             ; Medium             ;
; Disable Register Merging Across Hierarchies                      ; Auto               ; Auto               ;
; Resource Aware Inference For Block RAM                           ; On                 ; On                 ;
+------------------------------------------------------------------+--------------------+--------------------+


+------------------------------------------+
; Parallel Compilation                     ;
+----------------------------+-------------+
; Processors                 ; Number      ;
+----------------------------+-------------+
; Number detected on machine ; 12          ;
; Maximum allowed            ; 12          ;
;                            ;             ;
; Average used               ; 1.00        ;
; Maximum used               ; 1           ;
;                            ;             ;
; Usage by Processor         ; % Time Used ;
;     Processor 1            ; 100.0%      ;
+----------------------------+-------------+


+-------------------------------------------------------------------------------------------------------------------+
; Analysis & Synthesis IP Cores Summary                                                                             ;
+--------+--------------+---------+--------------+--------------+---------------------------------+-----------------+
; Vendor ; IP Core Name ; Version ; Release Date ; License Type ; Entity Instance                 ; IP Include File ;
+--------+--------------+---------+--------------+--------------+---------------------------------+-----------------+
; Altera ; FIFO         ; 20.1    ; N/A          ; N/A          ; |DLX|UART:duart|RX_FIFO:fifo_rx ; RX_FIFO.vhd     ;
; Altera ; LPM_MULT     ; 20.1    ; N/A          ; N/A          ; |DLX|UART:duart|MULT:umult      ; MULT.vhd        ;
+--------+--------------+---------+--------------+--------------+---------------------------------+-----------------+


+-------------------------------------------------------------------------------------------------------------------------------------------------------+
; Source assignments for UART:duart|UART_FIFO:fifo_uart|scfifo:scfifo_component|scfifo_4921:auto_generated|a_dpfifo_bf21:dpfifo|altsyncram_k2m1:FIFOram ;
+---------------------------------+--------------------+------+-----------------------------------------------------------------------------------------+
; Assignment                      ; Value              ; From ; To                                                                                      ;
+---------------------------------+--------------------+------+-----------------------------------------------------------------------------------------+
; OPTIMIZE_POWER_DURING_SYNTHESIS ; NORMAL_COMPILATION ; -    ; -                                                                                       ;
+---------------------------------+--------------------+------+-----------------------------------------------------------------------------------------+


+---------------------------------------------------------------------------------------------------------------------------------------------------+
; Source assignments for UART:duart|TX_FIFO:fifo_tx|scfifo:scfifo_component|scfifo_rr11:auto_generated|a_dpfifo_2221:dpfifo|altsyncram_85m1:FIFOram ;
+---------------------------------+--------------------+------+-------------------------------------------------------------------------------------+
; Assignment                      ; Value              ; From ; To                                                                                  ;
+---------------------------------+--------------------+------+-------------------------------------------------------------------------------------+
; OPTIMIZE_POWER_DURING_SYNTHESIS ; NORMAL_COMPILATION ; -    ; -                                                                                   ;
+---------------------------------+--------------------+------+-------------------------------------------------------------------------------------+


+---------------------------------------------------------------------------------------------------------------------------------------------------+
; Source assignments for UART:duart|RX_FIFO:fifo_rx|scfifo:scfifo_component|scfifo_5k11:auto_generated|a_dpfifo_cq11:dpfifo|altsyncram_f1b1:FIFOram ;
+---------------------------------+--------------------+------+-------------------------------------------------------------------------------------+
; Assignment                      ; Value              ; From ; To                                                                                  ;
+---------------------------------+--------------------+------+-------------------------------------------------------------------------------------+
; OPTIMIZE_POWER_DURING_SYNTHESIS ; NORMAL_COMPILATION ; -    ; -                                                                                   ;
+---------------------------------+--------------------+------+-------------------------------------------------------------------------------------+


+------------------------------------------------------------------+
; Source assignments for Fetch:fet|altsyncram_c7t3:auto_generated  ;
+---------------------------------+--------------------+------+----+
; Assignment                      ; Value              ; From ; To ;
+---------------------------------+--------------------+------+----+
; OPTIMIZE_POWER_DURING_SYNTHESIS ; NORMAL_COMPILATION ; -    ; -  ;
+---------------------------------+--------------------+------+----+


+---------------------------------------------------------------------------------------------------+
; Source assignments for Execute:exc|altsyncram:altsyncram_component|altsyncram_p8t3:auto_generated ;
+---------------------------------+--------------------+------+-------------------------------------+
; Assignment                      ; Value              ; From ; To                                  ;
+---------------------------------+--------------------+------+-------------------------------------+
; OPTIMIZE_POWER_DURING_SYNTHESIS ; NORMAL_COMPILATION ; -    ; -                                   ;
+---------------------------------+--------------------+------+-------------------------------------+


+------------------------------------------------------------------+
; Source assignments for Memory:mem|altsyncram_p8t3:auto_generated ;
+---------------------------------+--------------------+------+----+
; Assignment                      ; Value              ; From ; To ;
+---------------------------------+--------------------+------+----+
; OPTIMIZE_POWER_DURING_SYNTHESIS ; NORMAL_COMPILATION ; -    ; -  ;
+---------------------------------+--------------------+------+----+


+-----------------------------------------------------------------------------------------------------+
; Parameter Settings for User Entity Instance: UART:duart|UART_FIFO:fifo_uart|scfifo:scfifo_component ;
+-------------------------+-------------+-------------------------------------------------------------+
; Parameter Name          ; Value       ; Type                                                        ;
+-------------------------+-------------+-------------------------------------------------------------+
; AUTO_CARRY_CHAINS       ; ON          ; AUTO_CARRY                                                  ;
; IGNORE_CARRY_BUFFERS    ; OFF         ; IGNORE_CARRY                                                ;
; AUTO_CASCADE_CHAINS     ; ON          ; AUTO_CASCADE                                                ;
; IGNORE_CASCADE_BUFFERS  ; OFF         ; IGNORE_CASCADE                                              ;
; lpm_width               ; 36          ; Signed Integer                                              ;
; LPM_NUMWORDS            ; 256         ; Signed Integer                                              ;
; LPM_WIDTHU              ; 8           ; Signed Integer                                              ;
; LPM_SHOWAHEAD           ; OFF         ; Untyped                                                     ;
; UNDERFLOW_CHECKING      ; ON          ; Untyped                                                     ;
; OVERFLOW_CHECKING       ; ON          ; Untyped                                                     ;
; ALLOW_RWCYCLE_WHEN_FULL ; OFF         ; Untyped                                                     ;
; ADD_RAM_OUTPUT_REGISTER ; OFF         ; Untyped                                                     ;
; ALMOST_FULL_VALUE       ; 0           ; Untyped                                                     ;
; ALMOST_EMPTY_VALUE      ; 0           ; Untyped                                                     ;
; ENABLE_ECC              ; FALSE       ; Untyped                                                     ;
; USE_EAB                 ; ON          ; Untyped                                                     ;
; MAXIMIZE_SPEED          ; 5           ; Untyped                                                     ;
; DEVICE_FAMILY           ; MAX 10      ; Untyped                                                     ;
; OPTIMIZE_FOR_SPEED      ; 5           ; Untyped                                                     ;
; CBXI_PARAMETER          ; scfifo_4921 ; Untyped                                                     ;
+-------------------------+-------------+-------------------------------------------------------------+
Note: In order to hide this table in the UI and the text report file, please set the "Show Parameter Settings in Synthesis Report" option in "Analysis and Synthesis Settings -> More Settings" to "Off".


+-------------------------------------------------------------------------------------------------+
; Parameter Settings for User Entity Instance: UART:duart|TX_FIFO:fifo_tx|scfifo:scfifo_component ;
+-------------------------+-------------+---------------------------------------------------------+
; Parameter Name          ; Value       ; Type                                                    ;
+-------------------------+-------------+---------------------------------------------------------+
; AUTO_CARRY_CHAINS       ; ON          ; AUTO_CARRY                                              ;
; IGNORE_CARRY_BUFFERS    ; OFF         ; IGNORE_CARRY                                            ;
; AUTO_CASCADE_CHAINS     ; ON          ; AUTO_CASCADE                                            ;
; IGNORE_CASCADE_BUFFERS  ; OFF         ; IGNORE_CASCADE                                          ;
; lpm_width               ; 8           ; Signed Integer                                          ;
; LPM_NUMWORDS            ; 2048        ; Signed Integer                                          ;
; LPM_WIDTHU              ; 11          ; Signed Integer                                          ;
; LPM_SHOWAHEAD           ; OFF         ; Untyped                                                 ;
; UNDERFLOW_CHECKING      ; ON          ; Untyped                                                 ;
; OVERFLOW_CHECKING       ; ON          ; Untyped                                                 ;
; ALLOW_RWCYCLE_WHEN_FULL ; OFF         ; Untyped                                                 ;
; ADD_RAM_OUTPUT_REGISTER ; OFF         ; Untyped                                                 ;
; ALMOST_FULL_VALUE       ; 0           ; Untyped                                                 ;
; ALMOST_EMPTY_VALUE      ; 0           ; Untyped                                                 ;
; ENABLE_ECC              ; FALSE       ; Untyped                                                 ;
; USE_EAB                 ; ON          ; Untyped                                                 ;
; MAXIMIZE_SPEED          ; 5           ; Untyped                                                 ;
; DEVICE_FAMILY           ; MAX 10      ; Untyped                                                 ;
; OPTIMIZE_FOR_SPEED      ; 5           ; Untyped                                                 ;
; CBXI_PARAMETER          ; scfifo_rr11 ; Untyped                                                 ;
+-------------------------+-------------+---------------------------------------------------------+
Note: In order to hide this table in the UI and the text report file, please set the "Show Parameter Settings in Synthesis Report" option in "Analysis and Synthesis Settings -> More Settings" to "Off".


+---------------------------------------------------------------------------------------------------+
; Parameter Settings for User Entity Instance: UART:duart|U_DIV:div|lpm_divide:LPM_DIVIDE_component ;
+------------------------+----------------+---------------------------------------------------------+
; Parameter Name         ; Value          ; Type                                                    ;
+------------------------+----------------+---------------------------------------------------------+
; LPM_WIDTHN             ; 32             ; Signed Integer                                          ;
; LPM_WIDTHD             ; 5              ; Signed Integer                                          ;
; LPM_NREPRESENTATION    ; SIGNED         ; Untyped                                                 ;
; LPM_DREPRESENTATION    ; SIGNED         ; Untyped                                                 ;
; LPM_PIPELINE           ; 0              ; Untyped                                                 ;
; LPM_REMAINDERPOSITIVE  ; TRUE           ; Untyped                                                 ;
; MAXIMIZE_SPEED         ; 5              ; Untyped                                                 ;
; CBXI_PARAMETER         ; lpm_divide_0uo ; Untyped                                                 ;
; CARRY_CHAIN            ; MANUAL         ; Untyped                                                 ;
; OPTIMIZE_FOR_SPEED     ; 5              ; Untyped                                                 ;
; AUTO_CARRY_CHAINS      ; ON             ; AUTO_CARRY                                              ;
; IGNORE_CARRY_BUFFERS   ; OFF            ; IGNORE_CARRY                                            ;
; AUTO_CASCADE_CHAINS    ; ON             ; AUTO_CASCADE                                            ;
; IGNORE_CASCADE_BUFFERS ; OFF            ; IGNORE_CASCADE                                          ;
+------------------------+----------------+---------------------------------------------------------+
Note: In order to hide this table in the UI and the text report file, please set the "Show Parameter Settings in Synthesis Report" option in "Analysis and Synthesis Settings -> More Settings" to "Off".


+----------------------------------------------------------------------------------------------------------+
; Parameter Settings for User Entity Instance: UART:duart|UnsignedDiv:udiv|lpm_divide:LPM_DIVIDE_component ;
+------------------------+----------------+----------------------------------------------------------------+
; Parameter Name         ; Value          ; Type                                                           ;
+------------------------+----------------+----------------------------------------------------------------+
; LPM_WIDTHN             ; 32             ; Signed Integer                                                 ;
; LPM_WIDTHD             ; 5              ; Signed Integer                                                 ;
; LPM_NREPRESENTATION    ; UNSIGNED       ; Untyped                                                        ;
; LPM_DREPRESENTATION    ; UNSIGNED       ; Untyped                                                        ;
; LPM_PIPELINE           ; 0              ; Untyped                                                        ;
; LPM_REMAINDERPOSITIVE  ; TRUE           ; Untyped                                                        ;
; MAXIMIZE_SPEED         ; 5              ; Untyped                                                        ;
; CBXI_PARAMETER         ; lpm_divide_6cp ; Untyped                                                        ;
; CARRY_CHAIN            ; MANUAL         ; Untyped                                                        ;
; OPTIMIZE_FOR_SPEED     ; 5              ; Untyped                                                        ;
; AUTO_CARRY_CHAINS      ; ON             ; AUTO_CARRY                                                     ;
; IGNORE_CARRY_BUFFERS   ; OFF            ; IGNORE_CARRY                                                   ;
; AUTO_CASCADE_CHAINS    ; ON             ; AUTO_CASCADE                                                   ;
; IGNORE_CASCADE_BUFFERS ; OFF            ; IGNORE_CASCADE                                                 ;
+------------------------+----------------+----------------------------------------------------------------+
Note: In order to hide this table in the UI and the text report file, please set the "Show Parameter Settings in Synthesis Report" option in "Analysis and Synthesis Settings -> More Settings" to "Off".


+------------------------------------------------------------------------------------------------+
; Parameter Settings for User Entity Instance: UART:duart|MULT:umult|lpm_mult:lpm_mult_component ;
+------------------------------------------------+----------+------------------------------------+
; Parameter Name                                 ; Value    ; Type                               ;
+------------------------------------------------+----------+------------------------------------+
; AUTO_CARRY_CHAINS                              ; ON       ; AUTO_CARRY                         ;
; IGNORE_CARRY_BUFFERS                           ; OFF      ; IGNORE_CARRY                       ;
; AUTO_CASCADE_CHAINS                            ; ON       ; AUTO_CASCADE                       ;
; IGNORE_CASCADE_BUFFERS                         ; OFF      ; IGNORE_CASCADE                     ;
; LPM_WIDTHA                                     ; 32       ; Signed Integer                     ;
; LPM_WIDTHB                                     ; 4        ; Signed Integer                     ;
; LPM_WIDTHP                                     ; 36       ; Signed Integer                     ;
; LPM_WIDTHR                                     ; 0        ; Untyped                            ;
; LPM_WIDTHS                                     ; 1        ; Untyped                            ;
; LPM_REPRESENTATION                             ; UNSIGNED ; Untyped                            ;
; LPM_PIPELINE                                   ; 0        ; Untyped                            ;
; LATENCY                                        ; 0        ; Untyped                            ;
; INPUT_A_IS_CONSTANT                            ; NO       ; Untyped                            ;
; INPUT_B_IS_CONSTANT                            ; YES      ; Untyped                            ;
; USE_EAB                                        ; OFF      ; Untyped                            ;
; MAXIMIZE_SPEED                                 ; 9        ; Untyped                            ;
; DEVICE_FAMILY                                  ; MAX 10   ; Untyped                            ;
; CARRY_CHAIN                                    ; MANUAL   ; Untyped                            ;
; APEX20K_TECHNOLOGY_MAPPER                      ; LUT      ; TECH_MAPPER_APEX20K                ;
; DEDICATED_MULTIPLIER_CIRCUITRY                 ; AUTO     ; Untyped                            ;
; DEDICATED_MULTIPLIER_MIN_INPUT_WIDTH_FOR_AUTO  ; 0        ; Untyped                            ;
; DEDICATED_MULTIPLIER_MIN_OUTPUT_WIDTH_FOR_AUTO ; 0        ; Untyped                            ;
; CBXI_PARAMETER                                 ; mult_88p ; Untyped                            ;
; INPUT_A_FIXED_VALUE                            ; Bx       ; Untyped                            ;
; INPUT_B_FIXED_VALUE                            ; Bx       ; Untyped                            ;
; USE_AHDL_IMPLEMENTATION                        ; OFF      ; Untyped                            ;
+------------------------------------------------+----------+------------------------------------+
Note: In order to hide this table in the UI and the text report file, please set the "Show Parameter Settings in Synthesis Report" option in "Analysis and Synthesis Settings -> More Settings" to "Off".


+-------------------------------------------------------------------------------------------------+
; Parameter Settings for User Entity Instance: UART:duart|RX_FIFO:fifo_rx|scfifo:scfifo_component ;
+-------------------------+-------------+---------------------------------------------------------+
; Parameter Name          ; Value       ; Type                                                    ;
+-------------------------+-------------+---------------------------------------------------------+
; AUTO_CARRY_CHAINS       ; ON          ; AUTO_CARRY                                              ;
; IGNORE_CARRY_BUFFERS    ; OFF         ; IGNORE_CARRY                                            ;
; AUTO_CASCADE_CHAINS     ; ON          ; AUTO_CASCADE                                            ;
; IGNORE_CASCADE_BUFFERS  ; OFF         ; IGNORE_CASCADE                                          ;
; lpm_width               ; 32          ; Signed Integer                                          ;
; LPM_NUMWORDS            ; 8           ; Signed Integer                                          ;
; LPM_WIDTHU              ; 3           ; Signed Integer                                          ;
; LPM_SHOWAHEAD           ; ON          ; Untyped                                                 ;
; UNDERFLOW_CHECKING      ; ON          ; Untyped                                                 ;
; OVERFLOW_CHECKING       ; ON          ; Untyped                                                 ;
; ALLOW_RWCYCLE_WHEN_FULL ; OFF         ; Untyped                                                 ;
; ADD_RAM_OUTPUT_REGISTER ; OFF         ; Untyped                                                 ;
; ALMOST_FULL_VALUE       ; 0           ; Untyped                                                 ;
; ALMOST_EMPTY_VALUE      ; 0           ; Untyped                                                 ;
; ENABLE_ECC              ; FALSE       ; Untyped                                                 ;
; USE_EAB                 ; ON          ; Untyped                                                 ;
; MAXIMIZE_SPEED          ; 5           ; Untyped                                                 ;
; DEVICE_FAMILY           ; MAX 10      ; Untyped                                                 ;
; OPTIMIZE_FOR_SPEED      ; 5           ; Untyped                                                 ;
; CBXI_PARAMETER          ; scfifo_5k11 ; Untyped                                                 ;
+-------------------------+-------------+---------------------------------------------------------+
Note: In order to hide this table in the UI and the text report file, please set the "Show Parameter Settings in Synthesis Report" option in "Analysis and Synthesis Settings -> More Settings" to "Off".


+------------------------------------------------------------------------------------------+
; Parameter Settings for User Entity Instance: Execute:exc|altsyncram:altsyncram_component ;
+------------------------------------+-------------------------------+---------------------+
; Parameter Name                     ; Value                         ; Type                ;
+------------------------------------+-------------------------------+---------------------+
; BYTE_SIZE_BLOCK                    ; 8                             ; Untyped             ;
; AUTO_CARRY_CHAINS                  ; ON                            ; AUTO_CARRY          ;
; IGNORE_CARRY_BUFFERS               ; OFF                           ; IGNORE_CARRY        ;
; AUTO_CASCADE_CHAINS                ; ON                            ; AUTO_CASCADE        ;
; IGNORE_CASCADE_BUFFERS             ; OFF                           ; IGNORE_CASCADE      ;
; WIDTH_BYTEENA                      ; 1                             ; Untyped             ;
; OPERATION_MODE                     ; SINGLE_PORT                   ; Untyped             ;
; WIDTH_A                            ; 32                            ; Signed Integer      ;
; WIDTHAD_A                          ; 10                            ; Signed Integer      ;
; NUMWORDS_A                         ; 1024                          ; Signed Integer      ;
; OUTDATA_REG_A                      ; UNREGISTERED                  ; Untyped             ;
; ADDRESS_ACLR_A                     ; NONE                          ; Untyped             ;
; OUTDATA_ACLR_A                     ; NONE                          ; Untyped             ;
; WRCONTROL_ACLR_A                   ; NONE                          ; Untyped             ;
; INDATA_ACLR_A                      ; NONE                          ; Untyped             ;
; BYTEENA_ACLR_A                     ; NONE                          ; Untyped             ;
; WIDTH_B                            ; 1                             ; Signed Integer      ;
; WIDTHAD_B                          ; 1                             ; Signed Integer      ;
; NUMWORDS_B                         ; 0                             ; Signed Integer      ;
; INDATA_REG_B                       ; CLOCK1                        ; Untyped             ;
; WRCONTROL_WRADDRESS_REG_B          ; CLOCK1                        ; Untyped             ;
; RDCONTROL_REG_B                    ; CLOCK1                        ; Untyped             ;
; ADDRESS_REG_B                      ; CLOCK1                        ; Untyped             ;
; OUTDATA_REG_B                      ; UNREGISTERED                  ; Untyped             ;
; BYTEENA_REG_B                      ; CLOCK1                        ; Untyped             ;
; INDATA_ACLR_B                      ; NONE                          ; Untyped             ;
; WRCONTROL_ACLR_B                   ; NONE                          ; Untyped             ;
; ADDRESS_ACLR_B                     ; NONE                          ; Untyped             ;
; OUTDATA_ACLR_B                     ; NONE                          ; Untyped             ;
; RDCONTROL_ACLR_B                   ; NONE                          ; Untyped             ;
; BYTEENA_ACLR_B                     ; NONE                          ; Untyped             ;
; WIDTH_BYTEENA_A                    ; 1                             ; Signed Integer      ;
; WIDTH_BYTEENA_B                    ; 1                             ; Signed Integer      ;
; RAM_BLOCK_TYPE                     ; AUTO                          ; Untyped             ;
; BYTE_SIZE                          ; 8                             ; Signed Integer      ;
; READ_DURING_WRITE_MODE_MIXED_PORTS ; DONT_CARE                     ; Untyped             ;
; READ_DURING_WRITE_MODE_PORT_A      ; NEW_DATA_NO_NBE_READ          ; Untyped             ;
; READ_DURING_WRITE_MODE_PORT_B      ; NEW_DATA_NO_NBE_READ          ; Untyped             ;
; INIT_FILE                          ; ./Programs/factorial_data.mif ; Untyped             ;
; INIT_FILE_LAYOUT                   ; PORT_A                        ; Untyped             ;
; MAXIMUM_DEPTH                      ; 0                             ; Signed Integer      ;
; CLOCK_ENABLE_INPUT_A               ; BYPASS                        ; Untyped             ;
; CLOCK_ENABLE_INPUT_B               ; NORMAL                        ; Untyped             ;
; CLOCK_ENABLE_OUTPUT_A              ; BYPASS                        ; Untyped             ;
; CLOCK_ENABLE_OUTPUT_B              ; NORMAL                        ; Untyped             ;
; CLOCK_ENABLE_CORE_A                ; USE_INPUT_CLKEN               ; Untyped             ;
; CLOCK_ENABLE_CORE_B                ; USE_INPUT_CLKEN               ; Untyped             ;
; ENABLE_ECC                         ; FALSE                         ; Untyped             ;
; ECC_PIPELINE_STAGE_ENABLED         ; FALSE                         ; Untyped             ;
; WIDTH_ECCSTATUS                    ; 3                             ; Signed Integer      ;
; DEVICE_FAMILY                      ; MAX 10                        ; Untyped             ;
; CBXI_PARAMETER                     ; altsyncram_p8t3               ; Untyped             ;
+------------------------------------+-------------------------------+---------------------+
Note: In order to hide this table in the UI and the text report file, please set the "Show Parameter Settings in Synthesis Report" option in "Analysis and Synthesis Settings -> More Settings" to "Off".


+----------------------------------------------------------------------------------------------------------------------------------------------------------------------------------------+
; Port Connectivity Checks: "Execute:exc"                                                                                                                                                ;
+------------+---------+------------------+----------------------------------------------------------------------------------------------------------------------------------------------+
; Port       ; Type    ; Severity         ; Details                                                                                                                                      ;
+------------+---------+------------------+----------------------------------------------------------------------------------------------------------------------------------------------+
; clk        ; Unknown ; Critical Warning ; Named port was not declared by the instantiated entity                                                                                       ;
; rst_l      ; Unknown ; Critical Warning ; Named port was not declared by the instantiated entity                                                                                       ;
; pc_in      ; Unknown ; Critical Warning ; Named port was not declared by the instantiated entity                                                                                       ;
; inst_in    ; Unknown ; Critical Warning ; Named port was not declared by the instantiated entity                                                                                       ;
; RS1        ; Unknown ; Critical Warning ; Named port was not declared by the instantiated entity                                                                                       ;
; RS2        ; Unknown ; Critical Warning ; Named port was not declared by the instantiated entity                                                                                       ;
; Imm        ; Unknown ; Critical Warning ; Named port was not declared by the instantiated entity                                                                                       ;
; MemWb_inst ; Unknown ; Critical Warning ; Named port was not declared by the instantiated entity                                                                                       ;
; MemWb_data ; Unknown ; Critical Warning ; Named port was not declared by the instantiated entity                                                                                       ;
; ALU_out    ; Unknown ; Critical Warning ; Named port was not declared by the instantiated entity                                                                                       ;
; br_taken   ; Unknown ; Critical Warning ; Named port was not declared by the instantiated entity                                                                                       ;
; br_addr    ; Unknown ; Critical Warning ; Named port was not declared by the instantiated entity                                                                                       ;
; RS2_out    ; Unknown ; Critical Warning ; Named port was not declared by the instantiated entity                                                                                       ;
; inst_out   ; Unknown ; Critical Warning ; Named port was not declared by the instantiated entity                                                                                       ;
; data_tx    ; Unknown ; Critical Warning ; Named port was not declared by the instantiated entity                                                                                       ;
; tx_write   ; Unknown ; Critical Warning ; Named port was not declared by the instantiated entity                                                                                       ;
; address    ; Input   ; Warning          ; Declared by entity but not connected by instance. If a default value exists, it will be used.  Otherwise, the port will be connected to GND. ;
; clock      ; Input   ; Warning          ; Declared by entity but not connected by instance. If a default value exists, it will be used.  Otherwise, the port will be connected to GND. ;
; data       ; Input   ; Warning          ; Declared by entity but not connected by instance. If a default value exists, it will be used.  Otherwise, the port will be connected to GND. ;
; wren       ; Input   ; Warning          ; Declared by entity but not connected by instance. If a default value exists, it will be used.  Otherwise, the port will be connected to GND. ;
; q          ; Output  ; Warning          ; Declared by entity but not connected by instance. Logic that only feeds a dangling port will be removed.                                     ;
+------------+---------+------------------+----------------------------------------------------------------------------------------------------------------------------------------------+


+--------------------------------------------------------------------------------------------------------------------------+
; Port Connectivity Checks: "UART:duart|MULT:umult"                                                                        ;
+----------------+--------+----------+-------------------------------------------------------------------------------------+
; Port           ; Type   ; Severity ; Details                                                                             ;
+----------------+--------+----------+-------------------------------------------------------------------------------------+
; result[35..32] ; Output ; Info     ; Connected to dangling logic. Logic that only feeds a dangling port will be removed. ;
+----------------+--------+----------+-------------------------------------------------------------------------------------+


+---------------------------------------------------------+
; Port Connectivity Checks: "UART:duart|UnsignedDiv:udiv" ;
+----------+-------+----------+---------------------------+
; Port     ; Type  ; Severity ; Details                   ;
+----------+-------+----------+---------------------------+
; denom[4] ; Input ; Info     ; Stuck at GND              ;
; denom[3] ; Input ; Info     ; Stuck at VCC              ;
; denom[2] ; Input ; Info     ; Stuck at GND              ;
; denom[1] ; Input ; Info     ; Stuck at VCC              ;
; denom[0] ; Input ; Info     ; Stuck at GND              ;
+----------+-------+----------+---------------------------+


+--------------------------------------------------+
; Port Connectivity Checks: "UART:duart|U_DIV:div" ;
+----------+-------+----------+--------------------+
; Port     ; Type  ; Severity ; Details            ;
+----------+-------+----------+--------------------+
; denom[4] ; Input ; Info     ; Stuck at GND       ;
; denom[3] ; Input ; Info     ; Stuck at VCC       ;
; denom[2] ; Input ; Info     ; Stuck at GND       ;
; denom[1] ; Input ; Info     ; Stuck at VCC       ;
; denom[0] ; Input ; Info     ; Stuck at GND       ;
+----------+-------+----------+--------------------+


+----------------------------------------------------+
; Port Connectivity Checks: "UART:duart|my_UART:dut" ;
+-----------------+-------+----------+---------------+
; Port            ; Type  ; Severity ; Details       ;
+-----------------+-------+----------+---------------+
; clk_div[15..10] ; Input ; Info     ; Stuck at GND  ;
; clk_div[8..4]   ; Input ; Info     ; Stuck at GND  ;
; clk_div[2..0]   ; Input ; Info     ; Stuck at GND  ;
; clk_div[9]      ; Input ; Info     ; Stuck at VCC  ;
; clk_div[3]      ; Input ; Info     ; Stuck at VCC  ;
+-----------------+-------+----------+---------------+


+--------------------------------------------------------------------------------------------------------------------+
; Port Connectivity Checks: "UART:duart"                                                                             ;
+----------+--------+----------+-------------------------------------------------------------------------------------+
; Port     ; Type   ; Severity ; Details                                                                             ;
+----------+--------+----------+-------------------------------------------------------------------------------------+
; tx_empty ; Output ; Info     ; Connected to dangling logic. Logic that only feeds a dangling port will be removed. ;
; tx_full  ; Output ; Info     ; Connected to dangling logic. Logic that only feeds a dangling port will be removed. ;
+----------+--------+----------+-------------------------------------------------------------------------------------+


+-------------------------------+
; Analysis & Synthesis Messages ;
+-------------------------------+
Info: *******************************************************************
Info: Running Quartus Prime Analysis & Synthesis
    Info: Version 20.1.1 Build 720 11/11/2020 SJ Lite Edition
    Info: Processing started: Wed Mar 30 18:25:22 2022
Info: Command: quartus_map --read_settings_files=on --write_settings_files=off DLX -c DLX
Warning (18236): Number of processors has not been specified which may cause overloading on shared machines.  Set the global assignment NUM_PARALLEL_PROCESSORS in your QSF to an appropriate value for best performance.
Info (20030): Parallel compilation is enabled and will use 12 of the 12 processors detected
Info (12021): Found 2 design units, including 1 entities, in source file unsigneddiv.vhd
    Info (12022): Found design unit 1: unsigneddiv-SYN File: G:/My Drive/USU Spring 2022/Adv Reconfigurable Computing/6930_Projects/DLX/UnsignedDiv.vhd Line: 54
    Info (12023): Found entity 1: UnsignedDiv File: G:/My Drive/USU Spring 2022/Adv Reconfigurable Computing/6930_Projects/DLX/UnsignedDiv.vhd Line: 43
Info (12021): Found 2 design units, including 1 entities, in source file uart_tb.vhd
    Info (12022): Found design unit 1: UART_TB-behavioral File: G:/My Drive/USU Spring 2022/Adv Reconfigurable Computing/6930_Projects/DLX/UART_TB.vhd Line: 8
    Info (12023): Found entity 1: UART_TB File: G:/My Drive/USU Spring 2022/Adv Reconfigurable Computing/6930_Projects/DLX/UART_TB.vhd Line: 5
Info (12021): Found 2 design units, including 1 entities, in source file uart_fifo.vhd
    Info (12022): Found design unit 1: uart_fifo-SYN File: G:/My Drive/USU Spring 2022/Adv Reconfigurable Computing/6930_Projects/DLX/UART_FIFO.vhd Line: 58
    Info (12023): Found entity 1: UART_FIFO File: G:/My Drive/USU Spring 2022/Adv Reconfigurable Computing/6930_Projects/DLX/UART_FIFO.vhd Line: 43
Info (12021): Found 2 design units, including 1 entities, in source file uart.vhd
    Info (12022): Found design unit 1: UART-behavioral File: G:/My Drive/USU Spring 2022/Adv Reconfigurable Computing/6930_Projects/DLX/UART.vhd Line: 26
    Info (12023): Found entity 1: UART File: G:/My Drive/USU Spring 2022/Adv Reconfigurable Computing/6930_Projects/DLX/UART.vhd Line: 6
Info (12021): Found 2 design units, including 1 entities, in source file u_div.vhd
    Info (12022): Found design unit 1: u_div-SYN File: G:/My Drive/USU Spring 2022/Adv Reconfigurable Computing/6930_Projects/DLX/U_DIV.vhd Line: 54
    Info (12023): Found entity 1: U_DIV File: G:/My Drive/USU Spring 2022/Adv Reconfigurable Computing/6930_Projects/DLX/U_DIV.vhd Line: 43
Info (12021): Found 2 design units, including 1 entities, in source file tx_fifo.vhd
    Info (12022): Found design unit 1: tx_fifo-SYN File: G:/My Drive/USU Spring 2022/Adv Reconfigurable Computing/6930_Projects/DLX/TX_FIFO.vhd Line: 57
    Info (12023): Found entity 1: TX_FIFO File: G:/My Drive/USU Spring 2022/Adv Reconfigurable Computing/6930_Projects/DLX/TX_FIFO.vhd Line: 43
Info (12021): Found 2 design units, including 1 entities, in source file my_uart.vhd
    Info (12022): Found design unit 1: my_UART-behavioral File: G:/My Drive/USU Spring 2022/Adv Reconfigurable Computing/6930_Projects/DLX/my_UART.vhd Line: 22
    Info (12023): Found entity 1: my_UART File: G:/My Drive/USU Spring 2022/Adv Reconfigurable Computing/6930_Projects/DLX/my_UART.vhd Line: 5
Info (12021): Found 2 design units, including 1 entities, in source file memory.vhd
    Info (12022): Found design unit 1: Memory-behavioral File: G:/My Drive/USU Spring 2022/Adv Reconfigurable Computing/6930_Projects/DLX/Memory.vhd Line: 28
    Info (12023): Found entity 1: Memory File: G:/My Drive/USU Spring 2022/Adv Reconfigurable Computing/6930_Projects/DLX/Memory.vhd Line: 14
Info (12021): Found 2 design units, including 1 entities, in source file datamemory.vhd
    Info (12022): Found design unit 1: datamemory-SYN File: G:/My Drive/USU Spring 2022/Adv Reconfigurable Computing/6930_Projects/DLX/DataMemory.vhd Line: 55
    Info (12023): Found entity 1: DataMemory File: G:/My Drive/USU Spring 2022/Adv Reconfigurable Computing/6930_Projects/DLX/DataMemory.vhd Line: 43
Info (12021): Found 2 design units, including 1 entities, in source file execute.vhd
    Info (12022): Found design unit 1: Execute-behavioral File: G:/My Drive/USU Spring 2022/Adv Reconfigurable Computing/6930_Projects/DLX/Execute.vhd Line: 37
    Info (12023): Found entity 1: Execute File: G:/My Drive/USU Spring 2022/Adv Reconfigurable Computing/6930_Projects/DLX/Execute.vhd Line: 14
Info (12021): Found 2 design units, including 1 entities, in source file instructionmemory.vhd
    Info (12022): Found design unit 1: instructionmemory-SYN File: G:/My Drive/USU Spring 2022/Adv Reconfigurable Computing/6930_Projects/DLX/InstructionMemory.vhd Line: 54
    Info (12023): Found entity 1: InstructionMemory File: G:/My Drive/USU Spring 2022/Adv Reconfigurable Computing/6930_Projects/DLX/InstructionMemory.vhd Line: 43
Info (12021): Found 2 design units, including 1 entities, in source file fetch.vhd
    Info (12022): Found design unit 1: Fetch-behavioral File: G:/My Drive/USU Spring 2022/Adv Reconfigurable Computing/6930_Projects/DLX/Fetch.vhd Line: 27
    Info (12023): Found entity 1: Fetch File: G:/My Drive/USU Spring 2022/Adv Reconfigurable Computing/6930_Projects/DLX/Fetch.vhd Line: 14
Info (12021): Found 2 design units, including 1 entities, in source file decode.vhd
    Info (12022): Found design unit 1: Decode-behavioral File: G:/My Drive/USU Spring 2022/Adv Reconfigurable Computing/6930_Projects/DLX/Decode.vhd Line: 38
    Info (12023): Found entity 1: Decode File: G:/My Drive/USU Spring 2022/Adv Reconfigurable Computing/6930_Projects/DLX/Decode.vhd Line: 14
Info (12021): Found 2 design units, including 1 entities, in source file dlx.vhd
    Info (12022): Found design unit 1: DLX-behavioral File: G:/My Drive/USU Spring 2022/Adv Reconfigurable Computing/6930_Projects/DLX/DLX.vhd Line: 27
    Info (12023): Found entity 1: DLX File: G:/My Drive/USU Spring 2022/Adv Reconfigurable Computing/6930_Projects/DLX/DLX.vhd Line: 13
Info (12021): Found 2 design units, including 0 entities, in source file common.vhd
    Info (12022): Found design unit 1: common File: G:/My Drive/USU Spring 2022/Adv Reconfigurable Computing/6930_Projects/DLX/Common.vhd Line: 15
    Info (12022): Found design unit 2: common-body File: G:/My Drive/USU Spring 2022/Adv Reconfigurable Computing/6930_Projects/DLX/Common.vhd Line: 93
Info (12021): Found 2 design units, including 1 entities, in source file mult.vhd
    Info (12022): Found design unit 1: mult-SYN File: G:/My Drive/USU Spring 2022/Adv Reconfigurable Computing/6930_Projects/DLX/MULT.vhd Line: 52
    Info (12023): Found entity 1: MULT File: G:/My Drive/USU Spring 2022/Adv Reconfigurable Computing/6930_Projects/DLX/MULT.vhd Line: 43
Info (12021): Found 2 design units, including 1 entities, in source file rx_fifo.vhd
    Info (12022): Found design unit 1: rx_fifo-SYN File: G:/My Drive/USU Spring 2022/Adv Reconfigurable Computing/6930_Projects/DLX/RX_FIFO.vhd Line: 57
    Info (12023): Found entity 1: RX_FIFO File: G:/My Drive/USU Spring 2022/Adv Reconfigurable Computing/6930_Projects/DLX/RX_FIFO.vhd Line: 43
Info (12127): Elaborating entity "DLX" for the top level hierarchy
Warning (10036): Verilog HDL or VHDL warning at DLX.vhd(150): object "tx_empty" assigned a value but never read File: G:/My Drive/USU Spring 2022/Adv Reconfigurable Computing/6930_Projects/DLX/DLX.vhd Line: 150
Warning (10036): Verilog HDL or VHDL warning at DLX.vhd(151): object "tx_full" assigned a value but never read File: G:/My Drive/USU Spring 2022/Adv Reconfigurable Computing/6930_Projects/DLX/DLX.vhd Line: 151
Info (12128): Elaborating entity "UART" for hierarchy "UART:duart" File: G:/My Drive/USU Spring 2022/Adv Reconfigurable Computing/6930_Projects/DLX/DLX.vhd Line: 160
Warning (10036): Verilog HDL or VHDL warning at UART.vhd(55): object "true" assigned a value but never read File: G:/My Drive/USU Spring 2022/Adv Reconfigurable Computing/6930_Projects/DLX/UART.vhd Line: 55
Info (12128): Elaborating entity "UART_FIFO" for hierarchy "UART:duart|UART_FIFO:fifo_uart" File: G:/My Drive/USU Spring 2022/Adv Reconfigurable Computing/6930_Projects/DLX/UART.vhd Line: 164
Info (12128): Elaborating entity "scfifo" for hierarchy "UART:duart|UART_FIFO:fifo_uart|scfifo:scfifo_component" File: G:/My Drive/USU Spring 2022/Adv Reconfigurable Computing/6930_Projects/DLX/UART_FIFO.vhd Line: 96
Info (12130): Elaborated megafunction instantiation "UART:duart|UART_FIFO:fifo_uart|scfifo:scfifo_component" File: G:/My Drive/USU Spring 2022/Adv Reconfigurable Computing/6930_Projects/DLX/UART_FIFO.vhd Line: 96
Info (12133): Instantiated megafunction "UART:duart|UART_FIFO:fifo_uart|scfifo:scfifo_component" with the following parameter: File: G:/My Drive/USU Spring 2022/Adv Reconfigurable Computing/6930_Projects/DLX/UART_FIFO.vhd Line: 96
    Info (12134): Parameter "add_ram_output_register" = "OFF"
    Info (12134): Parameter "intended_device_family" = "MAX 10"
    Info (12134): Parameter "lpm_numwords" = "256"
    Info (12134): Parameter "lpm_showahead" = "OFF"
    Info (12134): Parameter "lpm_type" = "scfifo"
    Info (12134): Parameter "lpm_width" = "36"
    Info (12134): Parameter "lpm_widthu" = "8"
    Info (12134): Parameter "overflow_checking" = "ON"
    Info (12134): Parameter "underflow_checking" = "ON"
    Info (12134): Parameter "use_eab" = "ON"
Info (12021): Found 1 design units, including 1 entities, in source file db/scfifo_4921.tdf
    Info (12023): Found entity 1: scfifo_4921 File: G:/My Drive/USU Spring 2022/Adv Reconfigurable Computing/6930_Projects/DLX/db/scfifo_4921.tdf Line: 25
Info (12128): Elaborating entity "scfifo_4921" for hierarchy "UART:duart|UART_FIFO:fifo_uart|scfifo:scfifo_component|scfifo_4921:auto_generated" File: c:/intelfpga_lite/20.1/quartus/libraries/megafunctions/scfifo.tdf Line: 300
Info (12021): Found 1 design units, including 1 entities, in source file db/a_dpfifo_bf21.tdf
    Info (12023): Found entity 1: a_dpfifo_bf21 File: G:/My Drive/USU Spring 2022/Adv Reconfigurable Computing/6930_Projects/DLX/db/a_dpfifo_bf21.tdf Line: 29
Info (12128): Elaborating entity "a_dpfifo_bf21" for hierarchy "UART:duart|UART_FIFO:fifo_uart|scfifo:scfifo_component|scfifo_4921:auto_generated|a_dpfifo_bf21:dpfifo" File: G:/My Drive/USU Spring 2022/Adv Reconfigurable Computing/6930_Projects/DLX/db/scfifo_4921.tdf Line: 37
Info (12021): Found 1 design units, including 1 entities, in source file db/a_fefifo_18e.tdf
    Info (12023): Found entity 1: a_fefifo_18e File: G:/My Drive/USU Spring 2022/Adv Reconfigurable Computing/6930_Projects/DLX/db/a_fefifo_18e.tdf Line: 25
Info (12128): Elaborating entity "a_fefifo_18e" for hierarchy "UART:duart|UART_FIFO:fifo_uart|scfifo:scfifo_component|scfifo_4921:auto_generated|a_dpfifo_bf21:dpfifo|a_fefifo_18e:fifo_state" File: G:/My Drive/USU Spring 2022/Adv Reconfigurable Computing/6930_Projects/DLX/db/a_dpfifo_bf21.tdf Line: 42
Info (12021): Found 1 design units, including 1 entities, in source file db/cntr_537.tdf
    Info (12023): Found entity 1: cntr_537 File: G:/My Drive/USU Spring 2022/Adv Reconfigurable Computing/6930_Projects/DLX/db/cntr_537.tdf Line: 26
Info (12128): Elaborating entity "cntr_537" for hierarchy "UART:duart|UART_FIFO:fifo_uart|scfifo:scfifo_component|scfifo_4921:auto_generated|a_dpfifo_bf21:dpfifo|a_fefifo_18e:fifo_state|cntr_537:count_usedw" File: G:/My Drive/USU Spring 2022/Adv Reconfigurable Computing/6930_Projects/DLX/db/a_fefifo_18e.tdf Line: 38
Info (12021): Found 1 design units, including 1 entities, in source file db/altsyncram_k2m1.tdf
    Info (12023): Found entity 1: altsyncram_k2m1 File: G:/My Drive/USU Spring 2022/Adv Reconfigurable Computing/6930_Projects/DLX/db/altsyncram_k2m1.tdf Line: 28
Info (12128): Elaborating entity "altsyncram_k2m1" for hierarchy "UART:duart|UART_FIFO:fifo_uart|scfifo:scfifo_component|scfifo_4921:auto_generated|a_dpfifo_bf21:dpfifo|altsyncram_k2m1:FIFOram" File: G:/My Drive/USU Spring 2022/Adv Reconfigurable Computing/6930_Projects/DLX/db/a_dpfifo_bf21.tdf Line: 43
Info (12021): Found 1 design units, including 1 entities, in source file db/cntr_p2b.tdf
    Info (12023): Found entity 1: cntr_p2b File: G:/My Drive/USU Spring 2022/Adv Reconfigurable Computing/6930_Projects/DLX/db/cntr_p2b.tdf Line: 26
Info (12128): Elaborating entity "cntr_p2b" for hierarchy "UART:duart|UART_FIFO:fifo_uart|scfifo:scfifo_component|scfifo_4921:auto_generated|a_dpfifo_bf21:dpfifo|cntr_p2b:rd_ptr_count" File: G:/My Drive/USU Spring 2022/Adv Reconfigurable Computing/6930_Projects/DLX/db/a_dpfifo_bf21.tdf Line: 44
Info (12128): Elaborating entity "TX_FIFO" for hierarchy "UART:duart|TX_FIFO:fifo_tx" File: G:/My Drive/USU Spring 2022/Adv Reconfigurable Computing/6930_Projects/DLX/UART.vhd Line: 177
Info (12128): Elaborating entity "scfifo" for hierarchy "UART:duart|TX_FIFO:fifo_tx|scfifo:scfifo_component" File: G:/My Drive/USU Spring 2022/Adv Reconfigurable Computing/6930_Projects/DLX/TX_FIFO.vhd Line: 92
Info (12130): Elaborated megafunction instantiation "UART:duart|TX_FIFO:fifo_tx|scfifo:scfifo_component" File: G:/My Drive/USU Spring 2022/Adv Reconfigurable Computing/6930_Projects/DLX/TX_FIFO.vhd Line: 92
Info (12133): Instantiated megafunction "UART:duart|TX_FIFO:fifo_tx|scfifo:scfifo_component" with the following parameter: File: G:/My Drive/USU Spring 2022/Adv Reconfigurable Computing/6930_Projects/DLX/TX_FIFO.vhd Line: 92
    Info (12134): Parameter "add_ram_output_register" = "OFF"
    Info (12134): Parameter "intended_device_family" = "MAX 10"
    Info (12134): Parameter "lpm_numwords" = "2048"
    Info (12134): Parameter "lpm_showahead" = "OFF"
    Info (12134): Parameter "lpm_type" = "scfifo"
    Info (12134): Parameter "lpm_width" = "8"
    Info (12134): Parameter "lpm_widthu" = "11"
    Info (12134): Parameter "overflow_checking" = "ON"
    Info (12134): Parameter "underflow_checking" = "ON"
    Info (12134): Parameter "use_eab" = "ON"
Info (12021): Found 1 design units, including 1 entities, in source file db/scfifo_rr11.tdf
    Info (12023): Found entity 1: scfifo_rr11 File: G:/My Drive/USU Spring 2022/Adv Reconfigurable Computing/6930_Projects/DLX/db/scfifo_rr11.tdf Line: 25
Info (12128): Elaborating entity "scfifo_rr11" for hierarchy "UART:duart|TX_FIFO:fifo_tx|scfifo:scfifo_component|scfifo_rr11:auto_generated" File: c:/intelfpga_lite/20.1/quartus/libraries/megafunctions/scfifo.tdf Line: 300
Info (12021): Found 1 design units, including 1 entities, in source file db/a_dpfifo_2221.tdf
    Info (12023): Found entity 1: a_dpfifo_2221 File: G:/My Drive/USU Spring 2022/Adv Reconfigurable Computing/6930_Projects/DLX/db/a_dpfifo_2221.tdf Line: 29
Info (12128): Elaborating entity "a_dpfifo_2221" for hierarchy "UART:duart|TX_FIFO:fifo_tx|scfifo:scfifo_component|scfifo_rr11:auto_generated|a_dpfifo_2221:dpfifo" File: G:/My Drive/USU Spring 2022/Adv Reconfigurable Computing/6930_Projects/DLX/db/scfifo_rr11.tdf Line: 36
Info (12021): Found 1 design units, including 1 entities, in source file db/a_fefifo_sae.tdf
    Info (12023): Found entity 1: a_fefifo_sae File: G:/My Drive/USU Spring 2022/Adv Reconfigurable Computing/6930_Projects/DLX/db/a_fefifo_sae.tdf Line: 25
Info (12128): Elaborating entity "a_fefifo_sae" for hierarchy "UART:duart|TX_FIFO:fifo_tx|scfifo:scfifo_component|scfifo_rr11:auto_generated|a_dpfifo_2221:dpfifo|a_fefifo_sae:fifo_state" File: G:/My Drive/USU Spring 2022/Adv Reconfigurable Computing/6930_Projects/DLX/db/a_dpfifo_2221.tdf Line: 41
Info (12021): Found 1 design units, including 1 entities, in source file db/cntr_f47.tdf
    Info (12023): Found entity 1: cntr_f47 File: G:/My Drive/USU Spring 2022/Adv Reconfigurable Computing/6930_Projects/DLX/db/cntr_f47.tdf Line: 26
Info (12128): Elaborating entity "cntr_f47" for hierarchy "UART:duart|TX_FIFO:fifo_tx|scfifo:scfifo_component|scfifo_rr11:auto_generated|a_dpfifo_2221:dpfifo|a_fefifo_sae:fifo_state|cntr_f47:count_usedw" File: G:/My Drive/USU Spring 2022/Adv Reconfigurable Computing/6930_Projects/DLX/db/a_fefifo_sae.tdf Line: 38
Info (12021): Found 1 design units, including 1 entities, in source file db/altsyncram_85m1.tdf
    Info (12023): Found entity 1: altsyncram_85m1 File: G:/My Drive/USU Spring 2022/Adv Reconfigurable Computing/6930_Projects/DLX/db/altsyncram_85m1.tdf Line: 28
Info (12128): Elaborating entity "altsyncram_85m1" for hierarchy "UART:duart|TX_FIFO:fifo_tx|scfifo:scfifo_component|scfifo_rr11:auto_generated|a_dpfifo_2221:dpfifo|altsyncram_85m1:FIFOram" File: G:/My Drive/USU Spring 2022/Adv Reconfigurable Computing/6930_Projects/DLX/db/a_dpfifo_2221.tdf Line: 42
Info (12021): Found 1 design units, including 1 entities, in source file db/cntr_34b.tdf
    Info (12023): Found entity 1: cntr_34b File: G:/My Drive/USU Spring 2022/Adv Reconfigurable Computing/6930_Projects/DLX/db/cntr_34b.tdf Line: 26
Info (12128): Elaborating entity "cntr_34b" for hierarchy "UART:duart|TX_FIFO:fifo_tx|scfifo:scfifo_component|scfifo_rr11:auto_generated|a_dpfifo_2221:dpfifo|cntr_34b:rd_ptr_count" File: G:/My Drive/USU Spring 2022/Adv Reconfigurable Computing/6930_Projects/DLX/db/a_dpfifo_2221.tdf Line: 43
Info (12128): Elaborating entity "my_UART" for hierarchy "UART:duart|my_UART:dut" File: G:/My Drive/USU Spring 2022/Adv Reconfigurable Computing/6930_Projects/DLX/UART.vhd Line: 189
Warning (10036): Verilog HDL or VHDL warning at my_UART.vhd(38): object "sample_rx" assigned a value but never read File: G:/My Drive/USU Spring 2022/Adv Reconfigurable Computing/6930_Projects/DLX/my_UART.vhd Line: 38
Info (12128): Elaborating entity "U_DIV" for hierarchy "UART:duart|U_DIV:div" File: G:/My Drive/USU Spring 2022/Adv Reconfigurable Computing/6930_Projects/DLX/UART.vhd Line: 204
Info (12128): Elaborating entity "lpm_divide" for hierarchy "UART:duart|U_DIV:div|lpm_divide:LPM_DIVIDE_component" File: G:/My Drive/USU Spring 2022/Adv Reconfigurable Computing/6930_Projects/DLX/U_DIV.vhd Line: 82
Info (12130): Elaborated megafunction instantiation "UART:duart|U_DIV:div|lpm_divide:LPM_DIVIDE_component" File: G:/My Drive/USU Spring 2022/Adv Reconfigurable Computing/6930_Projects/DLX/U_DIV.vhd Line: 82
Info (12133): Instantiated megafunction "UART:duart|U_DIV:div|lpm_divide:LPM_DIVIDE_component" with the following parameter: File: G:/My Drive/USU Spring 2022/Adv Reconfigurable Computing/6930_Projects/DLX/U_DIV.vhd Line: 82
    Info (12134): Parameter "lpm_drepresentation" = "SIGNED"
    Info (12134): Parameter "lpm_hint" = "LPM_REMAINDERPOSITIVE=TRUE"
    Info (12134): Parameter "lpm_nrepresentation" = "SIGNED"
    Info (12134): Parameter "lpm_type" = "LPM_DIVIDE"
    Info (12134): Parameter "lpm_widthd" = "5"
    Info (12134): Parameter "lpm_widthn" = "32"
Info (12021): Found 1 design units, including 1 entities, in source file db/lpm_divide_0uo.tdf
    Info (12023): Found entity 1: lpm_divide_0uo File: G:/My Drive/USU Spring 2022/Adv Reconfigurable Computing/6930_Projects/DLX/db/lpm_divide_0uo.tdf Line: 25
Info (12128): Elaborating entity "lpm_divide_0uo" for hierarchy "UART:duart|U_DIV:div|lpm_divide:LPM_DIVIDE_component|lpm_divide_0uo:auto_generated" File: c:/intelfpga_lite/20.1/quartus/libraries/megafunctions/lpm_divide.tdf Line: 148
Info (12021): Found 1 design units, including 1 entities, in source file db/sign_div_unsign_j7h.tdf
    Info (12023): Found entity 1: sign_div_unsign_j7h File: G:/My Drive/USU Spring 2022/Adv Reconfigurable Computing/6930_Projects/DLX/db/sign_div_unsign_j7h.tdf Line: 25
Info (12128): Elaborating entity "sign_div_unsign_j7h" for hierarchy "UART:duart|U_DIV:div|lpm_divide:LPM_DIVIDE_component|lpm_divide_0uo:auto_generated|sign_div_unsign_j7h:divider" File: G:/My Drive/USU Spring 2022/Adv Reconfigurable Computing/6930_Projects/DLX/db/lpm_divide_0uo.tdf Line: 33
Info (12021): Found 1 design units, including 1 entities, in source file db/alt_u_div_she.tdf
    Info (12023): Found entity 1: alt_u_div_she File: G:/My Drive/USU Spring 2022/Adv Reconfigurable Computing/6930_Projects/DLX/db/alt_u_div_she.tdf Line: 27
Info (12128): Elaborating entity "alt_u_div_she" for hierarchy "UART:duart|U_DIV:div|lpm_divide:LPM_DIVIDE_component|lpm_divide_0uo:auto_generated|sign_div_unsign_j7h:divider|alt_u_div_she:divider" File: G:/My Drive/USU Spring 2022/Adv Reconfigurable Computing/6930_Projects/DLX/db/sign_div_unsign_j7h.tdf Line: 33
Info (12021): Found 1 design units, including 1 entities, in source file db/add_sub_t3c.tdf
    Info (12023): Found entity 1: add_sub_t3c File: G:/My Drive/USU Spring 2022/Adv Reconfigurable Computing/6930_Projects/DLX/db/add_sub_t3c.tdf Line: 23
Info (12128): Elaborating entity "add_sub_t3c" for hierarchy "UART:duart|U_DIV:div|lpm_divide:LPM_DIVIDE_component|lpm_divide_0uo:auto_generated|sign_div_unsign_j7h:divider|alt_u_div_she:divider|add_sub_t3c:add_sub_0" File: G:/My Drive/USU Spring 2022/Adv Reconfigurable Computing/6930_Projects/DLX/db/alt_u_div_she.tdf Line: 35
Info (12021): Found 1 design units, including 1 entities, in source file db/add_sub_u3c.tdf
    Info (12023): Found entity 1: add_sub_u3c File: G:/My Drive/USU Spring 2022/Adv Reconfigurable Computing/6930_Projects/DLX/db/add_sub_u3c.tdf Line: 23
Info (12128): Elaborating entity "add_sub_u3c" for hierarchy "UART:duart|U_DIV:div|lpm_divide:LPM_DIVIDE_component|lpm_divide_0uo:auto_generated|sign_div_unsign_j7h:divider|alt_u_div_she:divider|add_sub_u3c:add_sub_1" File: G:/My Drive/USU Spring 2022/Adv Reconfigurable Computing/6930_Projects/DLX/db/alt_u_div_she.tdf Line: 36
Info (12128): Elaborating entity "UnsignedDiv" for hierarchy "UART:duart|UnsignedDiv:udiv" File: G:/My Drive/USU Spring 2022/Adv Reconfigurable Computing/6930_Projects/DLX/UART.vhd Line: 213
Info (12128): Elaborating entity "lpm_divide" for hierarchy "UART:duart|UnsignedDiv:udiv|lpm_divide:LPM_DIVIDE_component" File: G:/My Drive/USU Spring 2022/Adv Reconfigurable Computing/6930_Projects/DLX/UnsignedDiv.vhd Line: 82
Info (12130): Elaborated megafunction instantiation "UART:duart|UnsignedDiv:udiv|lpm_divide:LPM_DIVIDE_component" File: G:/My Drive/USU Spring 2022/Adv Reconfigurable Computing/6930_Projects/DLX/UnsignedDiv.vhd Line: 82
Info (12133): Instantiated megafunction "UART:duart|UnsignedDiv:udiv|lpm_divide:LPM_DIVIDE_component" with the following parameter: File: G:/My Drive/USU Spring 2022/Adv Reconfigurable Computing/6930_Projects/DLX/UnsignedDiv.vhd Line: 82
    Info (12134): Parameter "lpm_drepresentation" = "UNSIGNED"
    Info (12134): Parameter "lpm_hint" = "LPM_REMAINDERPOSITIVE=TRUE"
    Info (12134): Parameter "lpm_nrepresentation" = "UNSIGNED"
    Info (12134): Parameter "lpm_type" = "LPM_DIVIDE"
    Info (12134): Parameter "lpm_widthd" = "5"
    Info (12134): Parameter "lpm_widthn" = "32"
Info (12021): Found 1 design units, including 1 entities, in source file db/lpm_divide_6cp.tdf
    Info (12023): Found entity 1: lpm_divide_6cp File: G:/My Drive/USU Spring 2022/Adv Reconfigurable Computing/6930_Projects/DLX/db/lpm_divide_6cp.tdf Line: 25
Info (12128): Elaborating entity "lpm_divide_6cp" for hierarchy "UART:duart|UnsignedDiv:udiv|lpm_divide:LPM_DIVIDE_component|lpm_divide_6cp:auto_generated" File: c:/intelfpga_lite/20.1/quartus/libraries/megafunctions/lpm_divide.tdf Line: 148
Info (12021): Found 1 design units, including 1 entities, in source file db/sign_div_unsign_plh.tdf
    Info (12023): Found entity 1: sign_div_unsign_plh File: G:/My Drive/USU Spring 2022/Adv Reconfigurable Computing/6930_Projects/DLX/db/sign_div_unsign_plh.tdf Line: 25
Info (12128): Elaborating entity "sign_div_unsign_plh" for hierarchy "UART:duart|UnsignedDiv:udiv|lpm_divide:LPM_DIVIDE_component|lpm_divide_6cp:auto_generated|sign_div_unsign_plh:divider" File: G:/My Drive/USU Spring 2022/Adv Reconfigurable Computing/6930_Projects/DLX/db/lpm_divide_6cp.tdf Line: 33
Info (12128): Elaborating entity "MULT" for hierarchy "UART:duart|MULT:umult" File: G:/My Drive/USU Spring 2022/Adv Reconfigurable Computing/6930_Projects/DLX/UART.vhd Line: 222
Info (12128): Elaborating entity "lpm_mult" for hierarchy "UART:duart|MULT:umult|lpm_mult:lpm_mult_component" File: G:/My Drive/USU Spring 2022/Adv Reconfigurable Computing/6930_Projects/DLX/MULT.vhd Line: 81
Info (12130): Elaborated megafunction instantiation "UART:duart|MULT:umult|lpm_mult:lpm_mult_component" File: G:/My Drive/USU Spring 2022/Adv Reconfigurable Computing/6930_Projects/DLX/MULT.vhd Line: 81
Info (12133): Instantiated megafunction "UART:duart|MULT:umult|lpm_mult:lpm_mult_component" with the following parameter: File: G:/My Drive/USU Spring 2022/Adv Reconfigurable Computing/6930_Projects/DLX/MULT.vhd Line: 81
    Info (12134): Parameter "lpm_hint" = "INPUT_B_IS_CONSTANT=YES,MAXIMIZE_SPEED=9"
    Info (12134): Parameter "lpm_representation" = "UNSIGNED"
    Info (12134): Parameter "lpm_type" = "LPM_MULT"
    Info (12134): Parameter "lpm_widtha" = "32"
    Info (12134): Parameter "lpm_widthb" = "4"
    Info (12134): Parameter "lpm_widthp" = "36"
Info (12021): Found 1 design units, including 1 entities, in source file db/mult_88p.tdf
    Info (12023): Found entity 1: mult_88p File: G:/My Drive/USU Spring 2022/Adv Reconfigurable Computing/6930_Projects/DLX/db/mult_88p.tdf Line: 31
Info (12128): Elaborating entity "mult_88p" for hierarchy "UART:duart|MULT:umult|lpm_mult:lpm_mult_component|mult_88p:auto_generated" File: c:/intelfpga_lite/20.1/quartus/libraries/megafunctions/lpm_mult.tdf Line: 377
Info (12128): Elaborating entity "RX_FIFO" for hierarchy "UART:duart|RX_FIFO:fifo_rx" File: G:/My Drive/USU Spring 2022/Adv Reconfigurable Computing/6930_Projects/DLX/UART.vhd Line: 229
Info (12128): Elaborating entity "scfifo" for hierarchy "UART:duart|RX_FIFO:fifo_rx|scfifo:scfifo_component" File: G:/My Drive/USU Spring 2022/Adv Reconfigurable Computing/6930_Projects/DLX/RX_FIFO.vhd Line: 92
Info (12130): Elaborated megafunction instantiation "UART:duart|RX_FIFO:fifo_rx|scfifo:scfifo_component" File: G:/My Drive/USU Spring 2022/Adv Reconfigurable Computing/6930_Projects/DLX/RX_FIFO.vhd Line: 92
Info (12133): Instantiated megafunction "UART:duart|RX_FIFO:fifo_rx|scfifo:scfifo_component" with the following parameter: File: G:/My Drive/USU Spring 2022/Adv Reconfigurable Computing/6930_Projects/DLX/RX_FIFO.vhd Line: 92
    Info (12134): Parameter "add_ram_output_register" = "OFF"
    Info (12134): Parameter "intended_device_family" = "MAX 10"
    Info (12134): Parameter "lpm_numwords" = "8"
    Info (12134): Parameter "lpm_showahead" = "ON"
    Info (12134): Parameter "lpm_type" = "scfifo"
    Info (12134): Parameter "lpm_width" = "32"
    Info (12134): Parameter "lpm_widthu" = "3"
    Info (12134): Parameter "overflow_checking" = "ON"
    Info (12134): Parameter "underflow_checking" = "ON"
    Info (12134): Parameter "use_eab" = "ON"
Info (12021): Found 1 design units, including 1 entities, in source file db/scfifo_5k11.tdf
    Info (12023): Found entity 1: scfifo_5k11 File: G:/My Drive/USU Spring 2022/Adv Reconfigurable Computing/6930_Projects/DLX/db/scfifo_5k11.tdf Line: 25
Info (12128): Elaborating entity "scfifo_5k11" for hierarchy "UART:duart|RX_FIFO:fifo_rx|scfifo:scfifo_component|scfifo_5k11:auto_generated" File: c:/intelfpga_lite/20.1/quartus/libraries/megafunctions/scfifo.tdf Line: 300
Info (12021): Found 1 design units, including 1 entities, in source file db/a_dpfifo_cq11.tdf
    Info (12023): Found entity 1: a_dpfifo_cq11 File: G:/My Drive/USU Spring 2022/Adv Reconfigurable Computing/6930_Projects/DLX/db/a_dpfifo_cq11.tdf Line: 33
Info (12128): Elaborating entity "a_dpfifo_cq11" for hierarchy "UART:duart|RX_FIFO:fifo_rx|scfifo:scfifo_component|scfifo_5k11:auto_generated|a_dpfifo_cq11:dpfifo" File: G:/My Drive/USU Spring 2022/Adv Reconfigurable Computing/6930_Projects/DLX/db/scfifo_5k11.tdf Line: 36
Info (12021): Found 1 design units, including 1 entities, in source file db/altsyncram_f1b1.tdf
    Info (12023): Found entity 1: altsyncram_f1b1 File: G:/My Drive/USU Spring 2022/Adv Reconfigurable Computing/6930_Projects/DLX/db/altsyncram_f1b1.tdf Line: 28
Info (12128): Elaborating entity "altsyncram_f1b1" for hierarchy "UART:duart|RX_FIFO:fifo_rx|scfifo:scfifo_component|scfifo_5k11:auto_generated|a_dpfifo_cq11:dpfifo|altsyncram_f1b1:FIFOram" File: G:/My Drive/USU Spring 2022/Adv Reconfigurable Computing/6930_Projects/DLX/db/a_dpfifo_cq11.tdf Line: 45
Info (12021): Found 1 design units, including 1 entities, in source file db/cmpr_678.tdf
    Info (12023): Found entity 1: cmpr_678 File: G:/My Drive/USU Spring 2022/Adv Reconfigurable Computing/6930_Projects/DLX/db/cmpr_678.tdf Line: 23
Info (12128): Elaborating entity "cmpr_678" for hierarchy "UART:duart|RX_FIFO:fifo_rx|scfifo:scfifo_component|scfifo_5k11:auto_generated|a_dpfifo_cq11:dpfifo|cmpr_678:almost_full_comparer" File: G:/My Drive/USU Spring 2022/Adv Reconfigurable Computing/6930_Projects/DLX/db/a_dpfifo_cq11.tdf Line: 54
Info (12128): Elaborating entity "cmpr_678" for hierarchy "UART:duart|RX_FIFO:fifo_rx|scfifo:scfifo_component|scfifo_5k11:auto_generated|a_dpfifo_cq11:dpfifo|cmpr_678:three_comparison" File: G:/My Drive/USU Spring 2022/Adv Reconfigurable Computing/6930_Projects/DLX/db/a_dpfifo_cq11.tdf Line: 55
Info (12021): Found 1 design units, including 1 entities, in source file db/cntr_j2b.tdf
    Info (12023): Found entity 1: cntr_j2b File: G:/My Drive/USU Spring 2022/Adv Reconfigurable Computing/6930_Projects/DLX/db/cntr_j2b.tdf Line: 26
Info (12128): Elaborating entity "cntr_j2b" for hierarchy "UART:duart|RX_FIFO:fifo_rx|scfifo:scfifo_component|scfifo_5k11:auto_generated|a_dpfifo_cq11:dpfifo|cntr_j2b:rd_ptr_msb" File: G:/My Drive/USU Spring 2022/Adv Reconfigurable Computing/6930_Projects/DLX/db/a_dpfifo_cq11.tdf Line: 56
Info (12021): Found 1 design units, including 1 entities, in source file db/cntr_037.tdf
    Info (12023): Found entity 1: cntr_037 File: G:/My Drive/USU Spring 2022/Adv Reconfigurable Computing/6930_Projects/DLX/db/cntr_037.tdf Line: 26
Info (12128): Elaborating entity "cntr_037" for hierarchy "UART:duart|RX_FIFO:fifo_rx|scfifo:scfifo_component|scfifo_5k11:auto_generated|a_dpfifo_cq11:dpfifo|cntr_037:usedw_counter" File: G:/My Drive/USU Spring 2022/Adv Reconfigurable Computing/6930_Projects/DLX/db/a_dpfifo_cq11.tdf Line: 57
Info (12021): Found 1 design units, including 1 entities, in source file db/cntr_k2b.tdf
    Info (12023): Found entity 1: cntr_k2b File: G:/My Drive/USU Spring 2022/Adv Reconfigurable Computing/6930_Projects/DLX/db/cntr_k2b.tdf Line: 26
Info (12128): Elaborating entity "cntr_k2b" for hierarchy "UART:duart|RX_FIFO:fifo_rx|scfifo:scfifo_component|scfifo_5k11:auto_generated|a_dpfifo_cq11:dpfifo|cntr_k2b:wr_ptr" File: G:/My Drive/USU Spring 2022/Adv Reconfigurable Computing/6930_Projects/DLX/db/a_dpfifo_cq11.tdf Line: 58
Info (12128): Elaborating entity "Fetch" for hierarchy "Fetch:fet" File: G:/My Drive/USU Spring 2022/Adv Reconfigurable Computing/6930_Projects/DLX/DLX.vhd Line: 177
Info (12021): Found 1 design units, including 1 entities, in source file db/altsyncram_c7t3.tdf
    Info (12023): Found entity 1: altsyncram_c7t3 File: G:/My Drive/USU Spring 2022/Adv Reconfigurable Computing/6930_Projects/DLX/db/altsyncram_c7t3.tdf Line: 28
Info (12128): Elaborating entity "altsyncram_c7t3" for hierarchy "Fetch:fet|altsyncram_c7t3:auto_generated" File: c:/intelfpga_lite/20.1/quartus/libraries/megafunctions/altsyncram.tdf Line: 792
Warning (113028): 947 out of 1024 addresses are uninitialized. The Quartus Prime software will initialize them to "0". There are 1 warnings found, and 1 warnings are reported. File: G:/My Drive/USU Spring 2022/Adv Reconfigurable Computing/6930_Projects/DLX/Programs/factorial_code.mif Line: 1
    Warning (113027): Addresses ranging from 77 to 1023 are not initialized File: G:/My Drive/USU Spring 2022/Adv Reconfigurable Computing/6930_Projects/DLX/Programs/factorial_code.mif Line: 1
Info (12128): Elaborating entity "Decode" for hierarchy "Decode:dec" File: G:/My Drive/USU Spring 2022/Adv Reconfigurable Computing/6930_Projects/DLX/DLX.vhd Line: 189
Info (12128): Elaborating entity "Execute" for hierarchy "Execute:exc" File: G:/My Drive/USU Spring 2022/Adv Reconfigurable Computing/6930_Projects/DLX/DLX.vhd Line: 211
Info (12128): Elaborating entity "altsyncram" for hierarchy "Execute:exc|altsyncram:altsyncram_component" File: G:/My Drive/USU Spring 2022/Adv Reconfigurable Computing/6930_Projects/DLX/DataMemory.vhd Line: 62
Info (12130): Elaborated megafunction instantiation "Execute:exc|altsyncram:altsyncram_component" File: G:/My Drive/USU Spring 2022/Adv Reconfigurable Computing/6930_Projects/DLX/DataMemory.vhd Line: 62
Info (12133): Instantiated megafunction "Execute:exc|altsyncram:altsyncram_component" with the following parameter: File: G:/My Drive/USU Spring 2022/Adv Reconfigurable Computing/6930_Projects/DLX/DataMemory.vhd Line: 62
    Info (12134): Parameter "address_aclr_a" = "UNUSED"
    Info (12134): Parameter "address_aclr_b" = "NONE"
    Info (12134): Parameter "address_reg_b" = "CLOCK1"
    Info (12134): Parameter "byte_size" = "8"
    Info (12134): Parameter "byteena_aclr_a" = "UNUSED"
    Info (12134): Parameter "byteena_aclr_b" = "NONE"
    Info (12134): Parameter "byteena_reg_b" = "CLOCK1"
    Info (12134): Parameter "clock_enable_core_a" = "USE_INPUT_CLKEN"
    Info (12134): Parameter "clock_enable_core_b" = "USE_INPUT_CLKEN"
    Info (12134): Parameter "clock_enable_input_a" = "BYPASS"
    Info (12134): Parameter "clock_enable_input_b" = "NORMAL"
    Info (12134): Parameter "clock_enable_output_a" = "BYPASS"
    Info (12134): Parameter "clock_enable_output_b" = "NORMAL"
    Info (12134): Parameter "intended_device_family" = "MAX 10"
    Info (12134): Parameter "ecc_pipeline_stage_enabled" = "FALSE"
    Info (12134): Parameter "enable_ecc" = "FALSE"
    Info (12134): Parameter "implement_in_les" = "OFF"
    Info (12134): Parameter "indata_aclr_a" = "UNUSED"
    Info (12134): Parameter "indata_aclr_b" = "NONE"
    Info (12134): Parameter "indata_reg_b" = "CLOCK1"
    Info (12134): Parameter "init_file" = "./Programs/factorial_data.mif"
    Info (12134): Parameter "init_file_layout" = "PORT_A"
    Info (12134): Parameter "maximum_depth" = "0"
    Info (12134): Parameter "numwords_a" = "1024"
    Info (12134): Parameter "numwords_b" = "0"
    Info (12134): Parameter "operation_mode" = "SINGLE_PORT"
    Info (12134): Parameter "outdata_aclr_a" = "NONE"
    Info (12134): Parameter "outdata_aclr_b" = "NONE"
    Info (12134): Parameter "outdata_reg_a" = "UNREGISTERED"
    Info (12134): Parameter "outdata_reg_b" = "UNREGISTERED"
    Info (12134): Parameter "power_up_uninitialized" = "FALSE"
    Info (12134): Parameter "ram_block_type" = "AUTO"
    Info (12134): Parameter "rdcontrol_aclr_b" = "NONE"
    Info (12134): Parameter "rdcontrol_reg_b" = "CLOCK1"
    Info (12134): Parameter "read_during_write_mode_mixed_ports" = "DONT_CARE"
    Info (12134): Parameter "read_during_write_mode_port_a" = "NEW_DATA_NO_NBE_READ"
    Info (12134): Parameter "read_during_write_mode_port_b" = "NEW_DATA_NO_NBE_READ"
    Info (12134): Parameter "stratixiv_m144k_allow_dual_clocks" = "ON"
    Info (12134): Parameter "width_a" = "32"
    Info (12134): Parameter "width_b" = "1"
    Info (12134): Parameter "width_byteena_a" = "1"
    Info (12134): Parameter "width_byteena_b" = "1"
    Info (12134): Parameter "width_eccstatus" = "3"
    Info (12134): Parameter "widthad_a" = "10"
    Info (12134): Parameter "widthad_b" = "1"
    Info (12134): Parameter "wrcontrol_aclr_a" = "UNUSED"
    Info (12134): Parameter "wrcontrol_aclr_b" = "NONE"
    Info (12134): Parameter "wrcontrol_wraddress_reg_b" = "CLOCK1"
    Info (12134): Parameter "lpm_hint" = "ENABLE_RUNTIME_MOD=NO"
    Info (12134): Parameter "lpm_type" = "altsyncram"
Info (12021): Found 1 design units, including 1 entities, in source file db/altsyncram_p8t3.tdf
    Info (12023): Found entity 1: altsyncram_p8t3 File: G:/My Drive/USU Spring 2022/Adv Reconfigurable Computing/6930_Projects/DLX/db/altsyncram_p8t3.tdf Line: 28
Info (12128): Elaborating entity "altsyncram_p8t3" for hierarchy "Execute:exc|altsyncram:altsyncram_component|altsyncram_p8t3:auto_generated" File: c:/intelfpga_lite/20.1/quartus/libraries/megafunctions/altsyncram.tdf Line: 792
Warning (113028): 963 out of 1024 addresses are uninitialized. The Quartus Prime software will initialize them to "0". There are 1 warnings found, and 1 warnings are reported. File: G:/My Drive/USU Spring 2022/Adv Reconfigurable Computing/6930_Projects/DLX/Programs/factorial_data.mif Line: 1
    Warning (113027): Addresses ranging from 61 to 1023 are not initialized File: G:/My Drive/USU Spring 2022/Adv Reconfigurable Computing/6930_Projects/DLX/Programs/factorial_data.mif Line: 1
Info (12128): Elaborating entity "Memory" for hierarchy "Memory:mem" File: G:/My Drive/USU Spring 2022/Adv Reconfigurable Computing/6930_Projects/DLX/DLX.vhd Line: 233
Error (12002): Port "ALU_in" does not exist in macrofunction "mem" File: G:/My Drive/USU Spring 2022/Adv Reconfigurable Computing/6930_Projects/DLX/DLX.vhd Line: 233
Error (12002): Port "RS2_in" does not exist in macrofunction "mem" File: G:/My Drive/USU Spring 2022/Adv Reconfigurable Computing/6930_Projects/DLX/DLX.vhd Line: 233
Error (12002): Port "clk" does not exist in macrofunction "mem" File: G:/My Drive/USU Spring 2022/Adv Reconfigurable Computing/6930_Projects/DLX/DLX.vhd Line: 233
Error (12002): Port "data_out" does not exist in macrofunction "mem" File: G:/My Drive/USU Spring 2022/Adv Reconfigurable Computing/6930_Projects/DLX/DLX.vhd Line: 233
Error (12002): Port "inst_in" does not exist in macrofunction "mem" File: G:/My Drive/USU Spring 2022/Adv Reconfigurable Computing/6930_Projects/DLX/DLX.vhd Line: 233
Error (12002): Port "inst_out" does not exist in macrofunction "mem" File: G:/My Drive/USU Spring 2022/Adv Reconfigurable Computing/6930_Projects/DLX/DLX.vhd Line: 233
Error (12002): Port "rst_l" does not exist in macrofunction "mem" File: G:/My Drive/USU Spring 2022/Adv Reconfigurable Computing/6930_Projects/DLX/DLX.vhd Line: 233
Error (12002): Port "ALU_out" does not exist in macrofunction "exc" File: G:/My Drive/USU Spring 2022/Adv Reconfigurable Computing/6930_Projects/DLX/DLX.vhd Line: 211
Error (12002): Port "Imm" does not exist in macrofunction "exc" File: G:/My Drive/USU Spring 2022/Adv Reconfigurable Computing/6930_Projects/DLX/DLX.vhd Line: 211
Error (12002): Port "MemWb_data" does not exist in macrofunction "exc" File: G:/My Drive/USU Spring 2022/Adv Reconfigurable Computing/6930_Projects/DLX/DLX.vhd Line: 211
Error (12002): Port "MemWb_inst" does not exist in macrofunction "exc" File: G:/My Drive/USU Spring 2022/Adv Reconfigurable Computing/6930_Projects/DLX/DLX.vhd Line: 211
Error (12002): Port "RS1" does not exist in macrofunction "exc" File: G:/My Drive/USU Spring 2022/Adv Reconfigurable Computing/6930_Projects/DLX/DLX.vhd Line: 211
Error (12002): Port "RS2" does not exist in macrofunction "exc" File: G:/My Drive/USU Spring 2022/Adv Reconfigurable Computing/6930_Projects/DLX/DLX.vhd Line: 211
Error (12002): Port "RS2_out" does not exist in macrofunction "exc" File: G:/My Drive/USU Spring 2022/Adv Reconfigurable Computing/6930_Projects/DLX/DLX.vhd Line: 211
Error (12002): Port "br_addr" does not exist in macrofunction "exc" File: G:/My Drive/USU Spring 2022/Adv Reconfigurable Computing/6930_Projects/DLX/DLX.vhd Line: 211
Error (12002): Port "br_taken" does not exist in macrofunction "exc" File: G:/My Drive/USU Spring 2022/Adv Reconfigurable Computing/6930_Projects/DLX/DLX.vhd Line: 211
Error (12002): Port "clk" does not exist in macrofunction "exc" File: G:/My Drive/USU Spring 2022/Adv Reconfigurable Computing/6930_Projects/DLX/DLX.vhd Line: 211
Error (12002): Port "data_tx" does not exist in macrofunction "exc" File: G:/My Drive/USU Spring 2022/Adv Reconfigurable Computing/6930_Projects/DLX/DLX.vhd Line: 211
Error (12002): Port "inst_in" does not exist in macrofunction "exc" File: G:/My Drive/USU Spring 2022/Adv Reconfigurable Computing/6930_Projects/DLX/DLX.vhd Line: 211
Error (12002): Port "inst_out" does not exist in macrofunction "exc" File: G:/My Drive/USU Spring 2022/Adv Reconfigurable Computing/6930_Projects/DLX/DLX.vhd Line: 211
Error (12002): Port "pc_in" does not exist in macrofunction "exc" File: G:/My Drive/USU Spring 2022/Adv Reconfigurable Computing/6930_Projects/DLX/DLX.vhd Line: 211
Error (12002): Port "rst_l" does not exist in macrofunction "exc" File: G:/My Drive/USU Spring 2022/Adv Reconfigurable Computing/6930_Projects/DLX/DLX.vhd Line: 211
Error (12002): Port "tx_write" does not exist in macrofunction "exc" File: G:/My Drive/USU Spring 2022/Adv Reconfigurable Computing/6930_Projects/DLX/DLX.vhd Line: 211
Error (12002): Port "br_addr" does not exist in macrofunction "fet" File: G:/My Drive/USU Spring 2022/Adv Reconfigurable Computing/6930_Projects/DLX/DLX.vhd Line: 177
Error (12002): Port "br_taken" does not exist in macrofunction "fet" File: G:/My Drive/USU Spring 2022/Adv Reconfigurable Computing/6930_Projects/DLX/DLX.vhd Line: 177
Error (12002): Port "clk" does not exist in macrofunction "fet" File: G:/My Drive/USU Spring 2022/Adv Reconfigurable Computing/6930_Projects/DLX/DLX.vhd Line: 177
Error (12002): Port "inst_out" does not exist in macrofunction "fet" File: G:/My Drive/USU Spring 2022/Adv Reconfigurable Computing/6930_Projects/DLX/DLX.vhd Line: 177
Error (12002): Port "pc_out" does not exist in macrofunction "fet" File: G:/My Drive/USU Spring 2022/Adv Reconfigurable Computing/6930_Projects/DLX/DLX.vhd Line: 177
Error (12002): Port "rst_l" does not exist in macrofunction "fet" File: G:/My Drive/USU Spring 2022/Adv Reconfigurable Computing/6930_Projects/DLX/DLX.vhd Line: 177
Warning (12241): 1 hierarchies have connectivity warnings - see the Connectivity Checks report folder
Error: Quartus Prime Analysis & Synthesis was unsuccessful. 29 errors, 10 warnings
    Error: Peak virtual memory: 4839 megabytes
    Error: Processing ended: Wed Mar 30 18:25:51 2022
    Error: Elapsed time: 00:00:29
    Error: Total CPU time (on all processors): 00:00:25


